<?xml version="1.0" encoding="UTF-8"?>
<!-- Generated by org.testng.reporters.JUnitReportReporter -->
<testsuite hostname="Samir-Laptop" failures="0" tests="5" name="src.test.java.com.sbutron.PageTest" time="0.008" errors="1" timestamp="2023-04-13T19:31:45 CDT" skipped="4">
  <testcase classname="src.test.java.com.sbutron.PageTest" name="handles" time="0.000">
    <skipped/>
  </testcase> <!-- handles -->
  <system-out/>
  <testcase classname="src.test.java.com.sbutron.PageTest" name="alerts" time="0.000">
    <skipped/>
  </testcase> <!-- alerts -->
  <system-out/>
  <testcase classname="src.test.java.com.sbutron.PageTest" name="iframe" time="0.000">
    <skipped/>
  </testcase> <!-- iframe -->
  <system-out/>
  <testcase classname="src.test.java.com.sbutron.PageTest" name="tables" time="0.000">
    <skipped/>
  </testcase> <!-- tables -->
  <system-out/>
  <testcase classname="src.test.java.com.sbutron.PageTest" name="setup" time="0.008">
    <error message="class org.apache.logging.log4j.core.Logger cannot be cast to class org.slf4j.Logger (org.apache.logging.log4j.core.Logger and org.slf4j.Logger are in unnamed module of loader &#039;app&#039;)" type="java.lang.ClassCastException">
      <![CDATA[java.lang.ClassCastException: class org.apache.logging.log4j.core.Logger cannot be cast to class org.slf4j.Logger (org.apache.logging.log4j.core.Logger and org.slf4j.Logger are in unnamed module of loader 'app')
at src.test.java.com.sbutron.PageTest.setup(PageTest.java:31)
at java.base/jdk.internal.reflect.NativeMethodAccessorImpl.invoke0(Native Method)
at java.base/jdk.internal.reflect.NativeMethodAccessorImpl.invoke(NativeMethodAccessorImpl.java:77)
at java.base/jdk.internal.reflect.DelegatingMethodAccessorImpl.invoke(DelegatingMethodAccessorImpl.java:43)
at java.base/java.lang.reflect.Method.invoke(Method.java:568)
at org.testng.internal.invokers.MethodInvocationHelper.invokeMethod(MethodInvocationHelper.java:139)
at org.testng.internal.invokers.MethodInvocationHelper.invokeMethodConsideringTimeout(MethodInvocationHelper.java:69)
at org.testng.internal.invokers.ConfigInvoker.invokeConfigurationMethod(ConfigInvoker.java:361)
at org.testng.internal.invokers.ConfigInvoker.invokeConfigurations(ConfigInvoker.java:296)
at org.testng.TestRunner.invokeTestConfigurations(TestRunner.java:644)
at org.testng.TestRunner.beforeRun(TestRunner.java:633)
at org.testng.TestRunner.run(TestRunner.java:595)
at org.testng.SuiteRunner.runTest(SuiteRunner.java:437)
at org.testng.SuiteRunner.runSequentially(SuiteRunner.java:431)
at org.testng.SuiteRunner.privateRun(SuiteRunner.java:391)
at org.testng.SuiteRunner.run(SuiteRunner.java:330)
at org.testng.SuiteRunnerWorker.runSuite(SuiteRunnerWorker.java:52)
at org.testng.SuiteRunnerWorker.run(SuiteRunnerWorker.java:95)
at org.testng.TestNG.runSuitesSequentially(TestNG.java:1256)
at org.testng.TestNG.runSuitesLocally(TestNG.java:1176)
at org.testng.TestNG.runSuites(TestNG.java:1099)
at org.testng.TestNG.run(TestNG.java:1067)
at org.apache.maven.surefire.testng.TestNGExecutor.run(TestNGExecutor.java:135)
at org.apache.maven.surefire.testng.TestNGDirectoryTestSuite.executeSingleClass(TestNGDirectoryTestSuite.java:112)
at org.apache.maven.surefire.testng.TestNGDirectoryTestSuite.execute(TestNGDirectoryTestSuite.java:99)
at org.apache.maven.surefire.testng.TestNGProvider.invoke(TestNGProvider.java:146)
at org.apache.maven.surefire.booter.ForkedBooter.invokeProviderInSameClassLoader(ForkedBooter.java:384)
at org.apache.maven.surefire.booter.ForkedBooter.runSuitesInProcess(ForkedBooter.java:345)
at org.apache.maven.surefire.booter.ForkedBooter.execute(ForkedBooter.java:126)
at org.apache.maven.surefire.booter.ForkedBooter.main(ForkedBooter.java:418)
]]>
    </error>
  </testcase> <!-- setup -->
  <system-out/>
</testsuite> <!-- src.test.java.com.sbutron.PageTest -->
